Using pre-set license
Desktop is 1366 x 768 @ 60 Hz

 COMMAND LINE ARGUMENTS:
Unity
-adb2
-batchMode
-noUpm
-name
AssetImportWorker0
-projectPath
/home/rei-arthur/zombiecide
-logFile
Logs/AssetImportWorker0.log
-srvPort
42479
Successfully changed project path to: /home/rei-arthur/zombiecide
/home/rei-arthur/zombiecide
Using Asset Import Pipeline V2.
Refreshing native plugins compatible for Editor in 121,78 ms, found 0 plugins.
Preloading 0 native plugins for Editor in 0,00 ms.
Initialize engine version: 2021.1.7f1 (d91830b65d9b)
[Subsystems] Discovering subsystems at path /home/rei-arthur/Unity/Hub/Editor/2021.1.7f1/Editor/Data/Resources/UnitySubsystems
[Subsystems] Discovering subsystems at path /home/rei-arthur/zombiecide/Assets
GLX Extensions: GLX_ARB_create_context GLX_ARB_create_context_no_error GLX_ARB_create_context_profile GLX_ARB_create_context_robustness GLX_ARB_fbconfig_float GLX_ARB_framebuffer_sRGB GLX_ARB_get_proc_address GLX_ARB_multisample GLX_EXT_buffer_age GLX_EXT_create_context_es2_profile GLX_EXT_create_context_es_profile GLX_EXT_fbconfig_packed_float GLX_EXT_framebuffer_sRGB GLX_EXT_import_context GLX_EXT_swap_control GLX_EXT_swap_control_tear GLX_EXT_texture_from_pixmap GLX_EXT_visual_info GLX_EXT_visual_rating GLX_INTEL_swap_event GLX_MESA_copy_sub_buffer GLX_MESA_query_renderer GLX_MESA_swap_control GLX_OML_swap_method GLX_OML_sync_control GLX_SGIS_multisample GLX_SGIX_fbconfig GLX_SGIX_pbuffer GLX_SGIX_visual_select_group GLX_SGI_make_current_read GLX_SGI_swap_control GLX_SGI_video_sync 
Renderer: Mesa Intel(R) HD Graphics 520 (SKL GT2)
Vendor:   Intel
Version:  4.6 (Core Profile) Mesa 21.0.3
GLES:     0
 GL_3DFX_texture_compression_FXT1 GL_AMD_conservative_depth GL_AMD_depth_clamp_separate GL_AMD_draw_buffers_blend GL_AMD_gpu_shader_int64 GL_AMD_multi_draw_indirect GL_AMD_performance_monitor GL_AMD_pinned_memory GL_AMD_query_buffer_object GL_AMD_seamless_cubemap_per_texture GL_AMD_shader_stencil_export GL_AMD_shader_trinary_minmax GL_AMD_texture_texture4 GL_AMD_vertex_shader_layer GL_AMD_vertex_shader_viewport_index GL_ANGLE_texture_compression_dxt3 GL_ANGLE_texture_compression_dxt5 GL_ARB_ES2_compatibility GL_ARB_ES3_1_compatibility GL_ARB_ES3_2_compatibility GL_ARB_ES3_compatibility GL_ARB_arrays_of_arrays GL_ARB_base_instance GL_ARB_blend_func_extended GL_ARB_buffer_storage GL_ARB_clear_buffer_object GL_ARB_clear_texture GL_ARB_clip_control GL_ARB_compressed_texture_pixel_storage GL_ARB_compute_shader GL_ARB_compute_variable_group_size GL_ARB_conditional_render_inverted GL_ARB_conservative_depth GL_ARB_copy_buffer GL_ARB_copy_image GL_ARB_cull_distance GL_ARB_debug_output GL_ARB_depth_buffer_float GL_ARB
_depth_clamp GL_ARB_derivative_control GL_ARB_direct_state_access GL_ARB_draw_buffers GL_ARB_draw_buffers_blend GL_ARB_draw_elements_base_vertex GL_ARB_draw_indirect GL_ARB_draw_instanced GL_ARB_enhanced_layouts GL_ARB_explicit_attrib_location GL_ARB_explicit_uniform_location GL_ARB_fragment_coord_conventions GL_ARB_fragment_layer_viewport GL_ARB_fragment_shader GL_ARB_fragment_shader_interlock GL_ARB_framebuffer_no_attachments GL_ARB_framebuffer_object GL_ARB_framebuffer_sRGB GL_ARB_get_program_binary GL_ARB_get_texture_sub_image GL_ARB_gl_spirv GL_ARB_gpu_shader5 GL_ARB_gpu_shader_fp64 GL_ARB_gpu_shader_int64 GL_ARB_half_float_pixel GL_ARB_half_float_vertex GL_ARB_indirect_parameters GL_ARB_instanced_arrays GL_ARB_internalformat_query GL_ARB_internalformat_query2 GL_ARB_invalidate_subdata GL_ARB_map_buffer_alignment GL_ARB_map_buffer_range GL_ARB_multi_bind GL_ARB_multi_draw_indirect GL_ARB_occlusion_query2 GL_ARB_parallel_shader_compile GL_ARB_pipeline_statistics_query GL_ARB_pixel_buffer_object GL_ARB_po
int_sprite GL_ARB_polygon_offset_clamp GL_ARB_post_depth_coverage GL_ARB_program_interface_query GL_ARB_provoking_vertex GL_ARB_query_buffer_object GL_ARB_robust_buffer_access_behavior GL_ARB_robustness GL_ARB_sample_shading GL_ARB_sampler_objects GL_ARB_seamless_cube_map GL_ARB_seamless_cubemap_per_texture GL_ARB_separate_shader_objects GL_ARB_shader_atomic_counter_ops GL_ARB_shader_atomic_counters GL_ARB_shader_ballot GL_ARB_shader_bit_encoding GL_ARB_shader_clock GL_ARB_shader_draw_parameters GL_ARB_shader_group_vote GL_ARB_shader_image_load_store GL_ARB_shader_image_size GL_ARB_shader_objects GL_ARB_shader_precision GL_ARB_shader_stencil_export GL_ARB_shader_storage_buffer_object GL_ARB_shader_subroutine GL_ARB_shader_texture_image_samples GL_ARB_shader_texture_lod GL_ARB_shader_viewport_layer_array GL_ARB_shading_language_420pack GL_ARB_shading_language_include GL_ARB_shading_language_packing GL_ARB_spirv_extensions GL_ARB_stencil_texturing GL_ARB_sync GL_ARB_tessellation_shader GL_ARB_texture_barrier G
L_ARB_texture_buffer_object GL_ARB_texture_buffer_object_rgb32 GL_ARB_texture_buffer_range GL_ARB_texture_compression_bptc GL_ARB_texture_compression_rgtc GL_ARB_texture_cube_map_array GL_ARB_texture_filter_anisotropic GL_ARB_texture_float GL_ARB_texture_gather GL_ARB_texture_mirror_clamp_to_edge GL_ARB_texture_multisample GL_ARB_texture_non_power_of_two GL_ARB_texture_query_levels GL_ARB_texture_query_lod GL_ARB_texture_rectangle GL_ARB_texture_rg GL_ARB_texture_rgb10_a2ui GL_ARB_texture_stencil8 GL_ARB_texture_storage GL_ARB_texture_storage_multisample GL_ARB_texture_swizzle GL_ARB_texture_view GL_ARB_timer_query GL_ARB_transform_feedback2 GL_ARB_transform_feedback3 GL_ARB_transform_feedback_instanced GL_ARB_transform_feedback_overflow_query GL_ARB_uniform_buffer_object GL_ARB_vertex_array_bgra GL_ARB_vertex_array_object GL_ARB_vertex_attrib_64bit GL_ARB_vertex_attrib_binding GL_ARB_vertex_buffer_object GL_ARB_vertex_shader GL_ARB_vertex_type_10f_11f_11f_rev GL_ARB_vertex_type_2_10_10_10_rev GL_ARB_viewpor
t_array GL_ATI_blend_equation_separate GL_ATI_texture_float GL_EXT_EGL_image_storage GL_EXT_EGL_sync GL_EXT_abgr GL_EXT_blend_equation_separate GL_EXT_demote_to_helper_invocation GL_EXT_draw_buffers2 GL_EXT_draw_instanced GL_EXT_framebuffer_blit GL_EXT_framebuffer_multisample GL_EXT_framebuffer_multisample_blit_scaled GL_EXT_framebuffer_object GL_EXT_framebuffer_sRGB GL_EXT_packed_depth_stencil GL_EXT_packed_float GL_EXT_pixel_buffer_object GL_EXT_polygon_offset_clamp GL_EXT_provoking_vertex GL_EXT_semaphore GL_EXT_semaphore_fd GL_EXT_shader_framebuffer_fetch GL_EXT_shader_framebuffer_fetch_non_coherent GL_EXT_shader_integer_mix GL_EXT_shader_samples_identical GL_EXT_texture_array GL_EXT_texture_compression_dxt1 GL_EXT_texture_compression_rgtc GL_EXT_texture_compression_s3tc GL_EXT_texture_filter_anisotropic GL_EXT_texture_integer GL_EXT_texture_sRGB GL_EXT_texture_sRGB_R8 GL_EXT_texture_sRGB_decode GL_EXT_texture_shadow_lod GL_EXT_texture_shared_exponent GL_EXT_texture_snorm GL_EXT_texture_swizzle GL_EXT_ti
mer_query GL_EXT_transform_feedback GL_EXT_vertex_array_bgra GL_EXT_vertex_attrib_64bit GL_IBM_multimode_draw_arrays GL_INTEL_blackhole_render GL_INTEL_conservative_rasterization GL_INTEL_performance_query GL_INTEL_shader_atomic_float_minmax GL_INTEL_shader_integer_functions2 GL_KHR_blend_equation_advanced GL_KHR_blend_equation_advanced_coherent GL_KHR_context_flush_control GL_KHR_debug GL_KHR_no_error GL_KHR_parallel_shader_compile GL_KHR_robust_buffer_access_behavior GL_KHR_robustness GL_KHR_texture_compression_astc_ldr GL_KHR_texture_compression_astc_sliced_3d GL_MESA_framebuffer_flip_y GL_MESA_pack_invert GL_MESA_shader_integer_functions GL_MESA_texture_signed_rgba GL_NV_compute_shader_derivatives GL_NV_conditional_render GL_NV_copy_image GL_NV_depth_clamp GL_NV_fragment_shader_interlock GL_NV_packed_depth_stencil GL_NV_texture_barrier GL_OES_EGL_image GL_S3_s3tc
OPENGL LOG: Creating OpenGL 4.6 graphics device ; Context level  <OpenGL 4.5> ; Context handle 2139434784
Initialize mono
Mono path[0] = '/home/rei-arthur/Unity/Hub/Editor/2021.1.7f1/Editor/Data/Managed'
Mono path[1] = '/home/rei-arthur/Unity/Hub/Editor/2021.1.7f1/Editor/Data/MonoBleedingEdge/lib/mono/unityjit'
Mono config path = '/home/rei-arthur/Unity/Hub/Editor/2021.1.7f1/Editor/Data/MonoBleedingEdge/etc'
Using monoOptions --debugger-agent=transport=dt_socket,embedding=1,server=y,suspend=n,address=127.0.0.1:56886
Begin MonoManager ReloadAssembly
Registering precompiled unity dll's ...
Register platform support module: /home/rei-arthur/Unity/Hub/Editor/2021.1.7f1/Editor/Data/PlaybackEngines/LinuxStandaloneSupport/UnityEditor.LinuxStandalone.Extensions.dll
Registered in 0,002052 seconds.
Native extension for LinuxStandalone target not found
Refreshing native plugins compatible for Editor in 106,51 ms, found 0 plugins.
Preloading 0 native plugins for Editor in 0,00 ms.
Mono: successfully reloaded assembly
- Completed reload, in  2,064 seconds
Platform modules already initialized, skipping
Registering precompiled user dll's ...
Registered in 0,002373 seconds.
Begin MonoManager ReloadAssembly
Symbol file LoadedFromMemory doesn't match image /home/rei-arthur/zombiecide/Library/PackageCache/com.unity.visualscripting@1.6.1/Editor/VisualScripting.Core/Dependencies/YamlDotNet/Unity.VisualScripting.YamlDotNet.dll
Symbol file LoadedFromMemory doesn't match image /home/rei-arthur/zombiecide/Library/PackageCache/com.unity.visualscripting@1.6.1/Editor/VisualScripting.Core/Dependencies/DotNetZip/Unity.VisualScripting.IonicZip.dll
Native extension for LinuxStandalone target not found
Refreshing native plugins compatible for Editor in 0,59 ms, found 0 plugins.
Preloading 0 native plugins for Editor in 0,00 ms.
Mono: successfully reloaded assembly
- Completed reload, in  1,421 seconds
Platform modules already initialized, skipping
========================================================================
Worker process is ready to serve import requests
Launched and connected shader compiler UnityShaderCompiler after 0.01 seconds
Refreshing native plugins compatible for Editor in 0,58 ms, found 0 plugins.
Preloading 0 native plugins for Editor in 0,00 ms.
Unloading 2681 Unused Serialized files (Serialized files now loaded: 0)
System memory in use before: 105,8 MB.
System memory in use after: 106,0 MB.

Unloading 13 unused Assets to reduce memory usage. Loaded Objects now: 3153.
Total: 4,298528 ms (FindLiveObjects: 0,585708 ms CreateObjectMapping: 0,409086 ms MarkObjects: 3,149650 ms  DeleteObjects: 0,151583 ms)

========================================================================
Received Import Request.
  path: Assets/Prefabs/Player.prefab
  artifactKey: Guid(5c1522e864159c887b183b90753d9690) Importer(815301076,1909f56bfc062723c751e8b465ee728b)
Start importing Assets/Prefabs/Player.prefab using Guid(5c1522e864159c887b183b90753d9690) Importer(815301076,1909f56bfc062723c751e8b465ee728b)  -> (artifact id: '9b090f88344daf311e1d37f8dc36878d') in 0,149398 seconds 
========================================================================
Received Import Request.
  Time since last request: 9,689600 seconds.
  path: Assets/Prefabs/Player.prefab
  artifactKey: Guid(5c1522e864159c887b183b90753d9690) Importer(815301076,1909f56bfc062723c751e8b465ee728b)
Start importing Assets/Prefabs/Player.prefab using Guid(5c1522e864159c887b183b90753d9690) Importer(815301076,1909f56bfc062723c751e8b465ee728b)  -> (artifact id: '11760d18f42b073f8c252b0e53adeb02') in 0,029543 seconds 
========================================================================
Received Import Request.
  Time since last request: 7,081526 seconds.
  path: Assets/Prefabs/Player.prefab
  artifactKey: Guid(5c1522e864159c887b183b90753d9690) Importer(815301076,1909f56bfc062723c751e8b465ee728b)
Start importing Assets/Prefabs/Player.prefab using Guid(5c1522e864159c887b183b90753d9690) Importer(815301076,1909f56bfc062723c751e8b465ee728b)  -> (artifact id: 'b860fde838f31fe290bc98c12c6eb4dc') in 0,010972 seconds 
========================================================================
Received Import Request.
  Time since last request: 4,727534 seconds.
  path: Assets/Prefabs/Player.prefab
  artifactKey: Guid(5c1522e864159c887b183b90753d9690) Importer(815301076,1909f56bfc062723c751e8b465ee728b)
Start importing Assets/Prefabs/Player.prefab using Guid(5c1522e864159c887b183b90753d9690) Importer(815301076,1909f56bfc062723c751e8b465ee728b)  -> (artifact id: '487ee9bc6ab11699949e5558969034c8') in 0,014070 seconds 
========================================================================
Received Import Request.
  Time since last request: 1,817943 seconds.
  path: Assets/Prefabs/Player.prefab
  artifactKey: Guid(5c1522e864159c887b183b90753d9690) Importer(815301076,1909f56bfc062723c751e8b465ee728b)
Start importing Assets/Prefabs/Player.prefab using Guid(5c1522e864159c887b183b90753d9690) Importer(815301076,1909f56bfc062723c751e8b465ee728b)  -> (artifact id: '4897b51fbae276b7ef1c5489ff732d8b') in 0,008506 seconds 
========================================================================
Received Import Request.
  Time since last request: 2,626490 seconds.
  path: Assets/Prefabs/Player.prefab
  artifactKey: Guid(5c1522e864159c887b183b90753d9690) Importer(815301076,1909f56bfc062723c751e8b465ee728b)
Start importing Assets/Prefabs/Player.prefab using Guid(5c1522e864159c887b183b90753d9690) Importer(815301076,1909f56bfc062723c751e8b465ee728b)  -> (artifact id: '82629379831f1c4164fb21f009c30cea') in 0,011262 seconds 
========================================================================
Received Import Request.
  Time since last request: 8,788076 seconds.
  path: Assets/Prefabs/Player.prefab
  artifactKey: Guid(5c1522e864159c887b183b90753d9690) Importer(815301076,1909f56bfc062723c751e8b465ee728b)
Start importing Assets/Prefabs/Player.prefab using Guid(5c1522e864159c887b183b90753d9690) Importer(815301076,1909f56bfc062723c751e8b465ee728b)  -> (artifact id: '98fb7a4a333a903a2d99e8d0837601f3') in 0,012077 seconds 
========================================================================
Received Prepare
Registering precompiled user dll's ...
Registered in 0,003339 seconds.
Begin MonoManager ReloadAssembly
Symbol file LoadedFromMemory doesn't match image /home/rei-arthur/zombiecide/Library/PackageCache/com.unity.visualscripting@1.6.1/Editor/VisualScripting.Core/Dependencies/YamlDotNet/Unity.VisualScripting.YamlDotNet.dll
Symbol file LoadedFromMemory doesn't match image /home/rei-arthur/zombiecide/Library/PackageCache/com.unity.visualscripting@1.6.1/Editor/VisualScripting.Core/Dependencies/DotNetZip/Unity.VisualScripting.IonicZip.dll
Native extension for LinuxStandalone target not found
Refreshing native plugins compatible for Editor in 0,58 ms, found 0 plugins.
Preloading 0 native plugins for Editor in 0,00 ms.
Mono: successfully reloaded assembly
- Completed reload, in  1,478 seconds
Platform modules already initialized, skipping
Refreshing native plugins compatible for Editor in 0,61 ms, found 0 plugins.
Preloading 0 native plugins for Editor in 0,00 ms.
Unloading 2676 Unused Serialized files (Serialized files now loaded: 0)
System memory in use before: 107,4 MB.
System memory in use after: 107,6 MB.

Unloading 10 unused Assets to reduce memory usage. Loaded Objects now: 3165.
Total: 4,339682 ms (FindLiveObjects: 0,396421 ms CreateObjectMapping: 0,226780 ms MarkObjects: 3,654951 ms  DeleteObjects: 0,059341 ms)

========================================================================
Received Prepare
Registering precompiled user dll's ...
Registered in 0,002440 seconds.
Begin MonoManager ReloadAssembly
Symbol file LoadedFromMemory doesn't match image /home/rei-arthur/zombiecide/Library/PackageCache/com.unity.visualscripting@1.6.1/Editor/VisualScripting.Core/Dependencies/YamlDotNet/Unity.VisualScripting.YamlDotNet.dll
Symbol file LoadedFromMemory doesn't match image /home/rei-arthur/zombiecide/Library/PackageCache/com.unity.visualscripting@1.6.1/Editor/VisualScripting.Core/Dependencies/DotNetZip/Unity.VisualScripting.IonicZip.dll
Native extension for LinuxStandalone target not found
Refreshing native plugins compatible for Editor in 1,26 ms, found 0 plugins.
Preloading 0 native plugins for Editor in 0,00 ms.
Mono: successfully reloaded assembly
- Completed reload, in  1,421 seconds
Platform modules already initialized, skipping
Refreshing native plugins compatible for Editor in 0,54 ms, found 0 plugins.
Preloading 0 native plugins for Editor in 0,00 ms.
Unloading 2676 Unused Serialized files (Serialized files now loaded: 0)
System memory in use before: 107,5 MB.
System memory in use after: 107,7 MB.

Unloading 9 unused Assets to reduce memory usage. Loaded Objects now: 3168.
Total: 4,997416 ms (FindLiveObjects: 0,603860 ms CreateObjectMapping: 0,474906 ms MarkObjects: 3,846002 ms  DeleteObjects: 0,070131 ms)

========================================================================
Received Prepare
Registering precompiled user dll's ...
Registered in 0,002760 seconds.
Begin MonoManager ReloadAssembly
Symbol file LoadedFromMemory doesn't match image /home/rei-arthur/zombiecide/Library/PackageCache/com.unity.visualscripting@1.6.1/Editor/VisualScripting.Core/Dependencies/YamlDotNet/Unity.VisualScripting.YamlDotNet.dll
Symbol file LoadedFromMemory doesn't match image /home/rei-arthur/zombiecide/Library/PackageCache/com.unity.visualscripting@1.6.1/Editor/VisualScripting.Core/Dependencies/DotNetZip/Unity.VisualScripting.IonicZip.dll
Native extension for LinuxStandalone target not found
Refreshing native plugins compatible for Editor in 0,53 ms, found 0 plugins.
Preloading 0 native plugins for Editor in 0,00 ms.
Mono: successfully reloaded assembly
- Completed reload, in  1,289 seconds
Platform modules already initialized, skipping
Refreshing native plugins compatible for Editor in 0,62 ms, found 0 plugins.
Preloading 0 native plugins for Editor in 0,00 ms.
Unloading 2676 Unused Serialized files (Serialized files now loaded: 0)
System memory in use before: 107,5 MB.
System memory in use after: 107,7 MB.

Unloading 9 unused Assets to reduce memory usage. Loaded Objects now: 3171.
Total: 3,880360 ms (FindLiveObjects: 0,474404 ms CreateObjectMapping: 0,300303 ms MarkObjects: 3,034762 ms  DeleteObjects: 0,068645 ms)

========================================================================
Received Prepare
Registering precompiled user dll's ...
Registered in 0,002432 seconds.
Begin MonoManager ReloadAssembly
Symbol file LoadedFromMemory doesn't match image /home/rei-arthur/zombiecide/Library/PackageCache/com.unity.visualscripting@1.6.1/Editor/VisualScripting.Core/Dependencies/YamlDotNet/Unity.VisualScripting.YamlDotNet.dll
Symbol file LoadedFromMemory doesn't match image /home/rei-arthur/zombiecide/Library/PackageCache/com.unity.visualscripting@1.6.1/Editor/VisualScripting.Core/Dependencies/DotNetZip/Unity.VisualScripting.IonicZip.dll
Native extension for LinuxStandalone target not found
Refreshing native plugins compatible for Editor in 0,57 ms, found 0 plugins.
Preloading 0 native plugins for Editor in 0,00 ms.
Mono: successfully reloaded assembly
- Completed reload, in  1,351 seconds
Platform modules already initialized, skipping
Refreshing native plugins compatible for Editor in 0,62 ms, found 0 plugins.
Preloading 0 native plugins for Editor in 0,00 ms.
Unloading 2676 Unused Serialized files (Serialized files now loaded: 0)
System memory in use before: 107,5 MB.
System memory in use after: 107,7 MB.

Unloading 9 unused Assets to reduce memory usage. Loaded Objects now: 3174.
Total: 5,762678 ms (FindLiveObjects: 0,832296 ms CreateObjectMapping: 0,871430 ms MarkObjects: 3,989732 ms  DeleteObjects: 0,064256 ms)

========================================================================
Received Prepare
Registering precompiled user dll's ...
Registered in 0,002581 seconds.
Begin MonoManager ReloadAssembly
Symbol file LoadedFromMemory doesn't match image /home/rei-arthur/zombiecide/Library/PackageCache/com.unity.visualscripting@1.6.1/Editor/VisualScripting.Core/Dependencies/YamlDotNet/Unity.VisualScripting.YamlDotNet.dll
Symbol file LoadedFromMemory doesn't match image /home/rei-arthur/zombiecide/Library/PackageCache/com.unity.visualscripting@1.6.1/Editor/VisualScripting.Core/Dependencies/DotNetZip/Unity.VisualScripting.IonicZip.dll
Native extension for LinuxStandalone target not found
Refreshing native plugins compatible for Editor in 0,58 ms, found 0 plugins.
Preloading 0 native plugins for Editor in 0,00 ms.
Mono: successfully reloaded assembly
- Completed reload, in  1,381 seconds
Platform modules already initialized, skipping
Refreshing native plugins compatible for Editor in 0,66 ms, found 0 plugins.
Preloading 0 native plugins for Editor in 0,00 ms.
Unloading 2676 Unused Serialized files (Serialized files now loaded: 0)
System memory in use before: 107,5 MB.
System memory in use after: 107,7 MB.

Unloading 9 unused Assets to reduce memory usage. Loaded Objects now: 3177.
Total: 5,942964 ms (FindLiveObjects: 0,519416 ms CreateObjectMapping: 0,444585 ms MarkObjects: 4,915453 ms  DeleteObjects: 0,061270 ms)

========================================================================
Received Prepare
Registering precompiled user dll's ...
Registered in 0,002706 seconds.
Begin MonoManager ReloadAssembly
Symbol file LoadedFromMemory doesn't match image /home/rei-arthur/zombiecide/Library/PackageCache/com.unity.visualscripting@1.6.1/Editor/VisualScripting.Core/Dependencies/YamlDotNet/Unity.VisualScripting.YamlDotNet.dll
Symbol file LoadedFromMemory doesn't match image /home/rei-arthur/zombiecide/Library/PackageCache/com.unity.visualscripting@1.6.1/Editor/VisualScripting.Core/Dependencies/DotNetZip/Unity.VisualScripting.IonicZip.dll
Native extension for LinuxStandalone target not found
Refreshing native plugins compatible for Editor in 0,66 ms, found 0 plugins.
Preloading 0 native plugins for Editor in 0,00 ms.
Mono: successfully reloaded assembly
- Completed reload, in  1,409 seconds
Platform modules already initialized, skipping
Refreshing native plugins compatible for Editor in 0,64 ms, found 0 plugins.
Preloading 0 native plugins for Editor in 0,00 ms.
Unloading 2676 Unused Serialized files (Serialized files now loaded: 0)
System memory in use before: 107,5 MB.
System memory in use after: 107,7 MB.

Unloading 9 unused Assets to reduce memory usage. Loaded Objects now: 3180.
Total: 5,929665 ms (FindLiveObjects: 0,499645 ms CreateObjectMapping: 0,352328 ms MarkObjects: 4,991421 ms  DeleteObjects: 0,083361 ms)

========================================================================
Received Prepare
Registering precompiled user dll's ...
Registered in 0,002371 seconds.
Begin MonoManager ReloadAssembly
Symbol file LoadedFromMemory doesn't match image /home/rei-arthur/zombiecide/Library/PackageCache/com.unity.visualscripting@1.6.1/Editor/VisualScripting.Core/Dependencies/YamlDotNet/Unity.VisualScripting.YamlDotNet.dll
Symbol file LoadedFromMemory doesn't match image /home/rei-arthur/zombiecide/Library/PackageCache/com.unity.visualscripting@1.6.1/Editor/VisualScripting.Core/Dependencies/DotNetZip/Unity.VisualScripting.IonicZip.dll
Native extension for LinuxStandalone target not found
Refreshing native plugins compatible for Editor in 0,57 ms, found 0 plugins.
Preloading 0 native plugins for Editor in 0,00 ms.
Mono: successfully reloaded assembly
- Completed reload, in  1,364 seconds
Platform modules already initialized, skipping
Refreshing native plugins compatible for Editor in 0,72 ms, found 0 plugins.
Preloading 0 native plugins for Editor in 0,00 ms.
Unloading 2676 Unused Serialized files (Serialized files now loaded: 0)
System memory in use before: 107,5 MB.
System memory in use after: 107,8 MB.

Unloading 9 unused Assets to reduce memory usage. Loaded Objects now: 3183.
Total: 4,124227 ms (FindLiveObjects: 0,475476 ms CreateObjectMapping: 0,287706 ms MarkObjects: 3,299404 ms  DeleteObjects: 0,059213 ms)

========================================================================
Received Prepare
Registering precompiled user dll's ...
Registered in 0,002452 seconds.
Begin MonoManager ReloadAssembly
Symbol file LoadedFromMemory doesn't match image /home/rei-arthur/zombiecide/Library/PackageCache/com.unity.visualscripting@1.6.1/Editor/VisualScripting.Core/Dependencies/YamlDotNet/Unity.VisualScripting.YamlDotNet.dll
Symbol file LoadedFromMemory doesn't match image /home/rei-arthur/zombiecide/Library/PackageCache/com.unity.visualscripting@1.6.1/Editor/VisualScripting.Core/Dependencies/DotNetZip/Unity.VisualScripting.IonicZip.dll
Native extension for LinuxStandalone target not found
Refreshing native plugins compatible for Editor in 1,20 ms, found 0 plugins.
Preloading 0 native plugins for Editor in 0,00 ms.
Mono: successfully reloaded assembly
- Completed reload, in  1,301 seconds
Platform modules already initialized, skipping
Refreshing native plugins compatible for Editor in 0,53 ms, found 0 plugins.
Preloading 0 native plugins for Editor in 0,00 ms.
Unloading 2676 Unused Serialized files (Serialized files now loaded: 0)
System memory in use before: 107,5 MB.
System memory in use after: 107,8 MB.

Unloading 9 unused Assets to reduce memory usage. Loaded Objects now: 3186.
Total: 4,958596 ms (FindLiveObjects: 0,668858 ms CreateObjectMapping: 0,416145 ms MarkObjects: 3,802479 ms  DeleteObjects: 0,068805 ms)

========================================================================
Received Prepare
Registering precompiled user dll's ...
Registered in 0,002490 seconds.
Begin MonoManager ReloadAssembly
Symbol file LoadedFromMemory doesn't match image /home/rei-arthur/zombiecide/Library/PackageCache/com.unity.visualscripting@1.6.1/Editor/VisualScripting.Core/Dependencies/YamlDotNet/Unity.VisualScripting.YamlDotNet.dll
Symbol file LoadedFromMemory doesn't match image /home/rei-arthur/zombiecide/Library/PackageCache/com.unity.visualscripting@1.6.1/Editor/VisualScripting.Core/Dependencies/DotNetZip/Unity.VisualScripting.IonicZip.dll
Native extension for LinuxStandalone target not found
Refreshing native plugins compatible for Editor in 0,65 ms, found 0 plugins.
Preloading 0 native plugins for Editor in 0,00 ms.
Mono: successfully reloaded assembly
- Completed reload, in  1,250 seconds
Platform modules already initialized, skipping
Refreshing native plugins compatible for Editor in 0,55 ms, found 0 plugins.
Preloading 0 native plugins for Editor in 0,00 ms.
Unloading 2676 Unused Serialized files (Serialized files now loaded: 0)
System memory in use before: 107,6 MB.
System memory in use after: 107,8 MB.

Unloading 9 unused Assets to reduce memory usage. Loaded Objects now: 3189.
Total: 3,735481 ms (FindLiveObjects: 0,393044 ms CreateObjectMapping: 0,231578 ms MarkObjects: 3,034241 ms  DeleteObjects: 0,074024 ms)

========================================================================
Received Prepare
Registering precompiled user dll's ...
Registered in 0,002595 seconds.
Begin MonoManager ReloadAssembly
Symbol file LoadedFromMemory doesn't match image /home/rei-arthur/zombiecide/Library/PackageCache/com.unity.visualscripting@1.6.1/Editor/VisualScripting.Core/Dependencies/YamlDotNet/Unity.VisualScripting.YamlDotNet.dll
Symbol file LoadedFromMemory doesn't match image /home/rei-arthur/zombiecide/Library/PackageCache/com.unity.visualscripting@1.6.1/Editor/VisualScripting.Core/Dependencies/DotNetZip/Unity.VisualScripting.IonicZip.dll
Native extension for LinuxStandalone target not found
Refreshing native plugins compatible for Editor in 0,58 ms, found 0 plugins.
Preloading 0 native plugins for Editor in 0,00 ms.
Mono: successfully reloaded assembly
- Completed reload, in  1,403 seconds
Platform modules already initialized, skipping
Refreshing native plugins compatible for Editor in 0,52 ms, found 0 plugins.
Preloading 0 native plugins for Editor in 0,00 ms.
Unloading 2676 Unused Serialized files (Serialized files now loaded: 0)
System memory in use before: 107,6 MB.
System memory in use after: 107,8 MB.

Unloading 9 unused Assets to reduce memory usage. Loaded Objects now: 3192.
Total: 3,609640 ms (FindLiveObjects: 0,391315 ms CreateObjectMapping: 0,219788 ms MarkObjects: 2,927785 ms  DeleteObjects: 0,068879 ms)

========================================================================
Received Prepare
Registering precompiled user dll's ...
Registered in 0,002330 seconds.
Begin MonoManager ReloadAssembly
Symbol file LoadedFromMemory doesn't match image /home/rei-arthur/zombiecide/Library/PackageCache/com.unity.visualscripting@1.6.1/Editor/VisualScripting.Core/Dependencies/YamlDotNet/Unity.VisualScripting.YamlDotNet.dll
Symbol file LoadedFromMemory doesn't match image /home/rei-arthur/zombiecide/Library/PackageCache/com.unity.visualscripting@1.6.1/Editor/VisualScripting.Core/Dependencies/DotNetZip/Unity.VisualScripting.IonicZip.dll
Native extension for LinuxStandalone target not found
Refreshing native plugins compatible for Editor in 0,60 ms, found 0 plugins.
Preloading 0 native plugins for Editor in 0,00 ms.
Mono: successfully reloaded assembly
- Completed reload, in  1,309 seconds
Platform modules already initialized, skipping
Refreshing native plugins compatible for Editor in 0,55 ms, found 0 plugins.
Preloading 0 native plugins for Editor in 0,00 ms.
Unloading 2676 Unused Serialized files (Serialized files now loaded: 0)
System memory in use before: 107,6 MB.
System memory in use after: 107,8 MB.

Unloading 9 unused Assets to reduce memory usage. Loaded Objects now: 3195.
Total: 3,772374 ms (FindLiveObjects: 0,576664 ms CreateObjectMapping: 0,255526 ms MarkObjects: 2,881831 ms  DeleteObjects: 0,054873 ms)

========================================================================
Received Prepare
Registering precompiled user dll's ...
Registered in 0,002251 seconds.
Begin MonoManager ReloadAssembly
Symbol file LoadedFromMemory doesn't match image /home/rei-arthur/zombiecide/Library/PackageCache/com.unity.visualscripting@1.6.1/Editor/VisualScripting.Core/Dependencies/YamlDotNet/Unity.VisualScripting.YamlDotNet.dll
Symbol file LoadedFromMemory doesn't match image /home/rei-arthur/zombiecide/Library/PackageCache/com.unity.visualscripting@1.6.1/Editor/VisualScripting.Core/Dependencies/DotNetZip/Unity.VisualScripting.IonicZip.dll
Native extension for LinuxStandalone target not found
Refreshing native plugins compatible for Editor in 0,58 ms, found 0 plugins.
Preloading 0 native plugins for Editor in 0,00 ms.
Mono: successfully reloaded assembly
- Completed reload, in  1,304 seconds
Platform modules already initialized, skipping
Refreshing native plugins compatible for Editor in 0,71 ms, found 0 plugins.
Preloading 0 native plugins for Editor in 0,00 ms.
Unloading 2676 Unused Serialized files (Serialized files now loaded: 0)
System memory in use before: 107,6 MB.
System memory in use after: 107,8 MB.

Unloading 9 unused Assets to reduce memory usage. Loaded Objects now: 3198.
Total: 4,576285 ms (FindLiveObjects: 0,368556 ms CreateObjectMapping: 0,338099 ms MarkObjects: 3,802359 ms  DeleteObjects: 0,064847 ms)

========================================================================
Received Prepare
Registering precompiled user dll's ...
Registered in 0,003933 seconds.
Begin MonoManager ReloadAssembly
Symbol file LoadedFromMemory doesn't match image /home/rei-arthur/zombiecide/Library/PackageCache/com.unity.visualscripting@1.6.1/Editor/VisualScripting.Core/Dependencies/YamlDotNet/Unity.VisualScripting.YamlDotNet.dll
Symbol file LoadedFromMemory doesn't match image /home/rei-arthur/zombiecide/Library/PackageCache/com.unity.visualscripting@1.6.1/Editor/VisualScripting.Core/Dependencies/DotNetZip/Unity.VisualScripting.IonicZip.dll
Native extension for LinuxStandalone target not found
Refreshing native plugins compatible for Editor in 0,62 ms, found 0 plugins.
Preloading 0 native plugins for Editor in 0,00 ms.
Mono: successfully reloaded assembly
- Completed reload, in  1,348 seconds
Platform modules already initialized, skipping
Refreshing native plugins compatible for Editor in 0,56 ms, found 0 plugins.
Preloading 0 native plugins for Editor in 0,00 ms.
Unloading 2676 Unused Serialized files (Serialized files now loaded: 0)
System memory in use before: 107,6 MB.
System memory in use after: 107,8 MB.

Unloading 9 unused Assets to reduce memory usage. Loaded Objects now: 3201.
Total: 3,552002 ms (FindLiveObjects: 0,335018 ms CreateObjectMapping: 0,185967 ms MarkObjects: 2,967420 ms  DeleteObjects: 0,061544 ms)

========================================================================
Received Prepare
Registering precompiled user dll's ...
Registered in 0,003306 seconds.
Begin MonoManager ReloadAssembly
Symbol file LoadedFromMemory doesn't match image /home/rei-arthur/zombiecide/Library/PackageCache/com.unity.visualscripting@1.6.1/Editor/VisualScripting.Core/Dependencies/YamlDotNet/Unity.VisualScripting.YamlDotNet.dll
Symbol file LoadedFromMemory doesn't match image /home/rei-arthur/zombiecide/Library/PackageCache/com.unity.visualscripting@1.6.1/Editor/VisualScripting.Core/Dependencies/DotNetZip/Unity.VisualScripting.IonicZip.dll
Native extension for LinuxStandalone target not found
Refreshing native plugins compatible for Editor in 0,65 ms, found 0 plugins.
Preloading 0 native plugins for Editor in 0,00 ms.
Mono: successfully reloaded assembly
- Completed reload, in  1,307 seconds
Platform modules already initialized, skipping
Refreshing native plugins compatible for Editor in 0,56 ms, found 0 plugins.
Preloading 0 native plugins for Editor in 0,00 ms.
Unloading 2676 Unused Serialized files (Serialized files now loaded: 0)
System memory in use before: 107,6 MB.
System memory in use after: 107,8 MB.

Unloading 9 unused Assets to reduce memory usage. Loaded Objects now: 3204.
Total: 3,577413 ms (FindLiveObjects: 0,417100 ms CreateObjectMapping: 0,189235 ms MarkObjects: 2,911780 ms  DeleteObjects: 0,057102 ms)

========================================================================
Received Prepare
Registering precompiled user dll's ...
Registered in 0,002866 seconds.
Begin MonoManager ReloadAssembly
Symbol file LoadedFromMemory doesn't match image /home/rei-arthur/zombiecide/Library/PackageCache/com.unity.visualscripting@1.6.1/Editor/VisualScripting.Core/Dependencies/YamlDotNet/Unity.VisualScripting.YamlDotNet.dll
Symbol file LoadedFromMemory doesn't match image /home/rei-arthur/zombiecide/Library/PackageCache/com.unity.visualscripting@1.6.1/Editor/VisualScripting.Core/Dependencies/DotNetZip/Unity.VisualScripting.IonicZip.dll
Native extension for LinuxStandalone target not found
Refreshing native plugins compatible for Editor in 0,56 ms, found 0 plugins.
Preloading 0 native plugins for Editor in 0,00 ms.
Mono: successfully reloaded assembly
- Completed reload, in  1,309 seconds
Platform modules already initialized, skipping
Refreshing native plugins compatible for Editor in 0,62 ms, found 0 plugins.
Preloading 0 native plugins for Editor in 0,00 ms.
Unloading 2676 Unused Serialized files (Serialized files now loaded: 0)
System memory in use before: 107,6 MB.
System memory in use after: 107,8 MB.

Unloading 9 unused Assets to reduce memory usage. Loaded Objects now: 3207.
Total: 5,779745 ms (FindLiveObjects: 1,439555 ms CreateObjectMapping: 0,382433 ms MarkObjects: 3,887680 ms  DeleteObjects: 0,066345 ms)

========================================================================
Received Prepare
Registering precompiled user dll's ...
Registered in 0,003318 seconds.
Begin MonoManager ReloadAssembly
Symbol file LoadedFromMemory doesn't match image /home/rei-arthur/zombiecide/Library/PackageCache/com.unity.visualscripting@1.6.1/Editor/VisualScripting.Core/Dependencies/YamlDotNet/Unity.VisualScripting.YamlDotNet.dll
Symbol file LoadedFromMemory doesn't match image /home/rei-arthur/zombiecide/Library/PackageCache/com.unity.visualscripting@1.6.1/Editor/VisualScripting.Core/Dependencies/DotNetZip/Unity.VisualScripting.IonicZip.dll
Native extension for LinuxStandalone target not found
Refreshing native plugins compatible for Editor in 0,63 ms, found 0 plugins.
Preloading 0 native plugins for Editor in 0,00 ms.
Mono: successfully reloaded assembly
- Completed reload, in  1,349 seconds
Platform modules already initialized, skipping
Refreshing native plugins compatible for Editor in 0,55 ms, found 0 plugins.
Preloading 0 native plugins for Editor in 0,00 ms.
Unloading 2676 Unused Serialized files (Serialized files now loaded: 0)
System memory in use before: 107,6 MB.
System memory in use after: 107,8 MB.

Unloading 9 unused Assets to reduce memory usage. Loaded Objects now: 3210.
Total: 3,726684 ms (FindLiveObjects: 0,465340 ms CreateObjectMapping: 0,248450 ms MarkObjects: 2,951370 ms  DeleteObjects: 0,059439 ms)

========================================================================
Received Prepare
Registering precompiled user dll's ...
Registered in 0,002719 seconds.
Begin MonoManager ReloadAssembly
Symbol file LoadedFromMemory doesn't match image /home/rei-arthur/zombiecide/Library/PackageCache/com.unity.visualscripting@1.6.1/Editor/VisualScripting.Core/Dependencies/YamlDotNet/Unity.VisualScripting.YamlDotNet.dll
Symbol file LoadedFromMemory doesn't match image /home/rei-arthur/zombiecide/Library/PackageCache/com.unity.visualscripting@1.6.1/Editor/VisualScripting.Core/Dependencies/DotNetZip/Unity.VisualScripting.IonicZip.dll
Native extension for LinuxStandalone target not found
Refreshing native plugins compatible for Editor in 0,58 ms, found 0 plugins.
Preloading 0 native plugins for Editor in 0,00 ms.
Mono: successfully reloaded assembly
- Completed reload, in  1,327 seconds
Platform modules already initialized, skipping
Refreshing native plugins compatible for Editor in 0,53 ms, found 0 plugins.
Preloading 0 native plugins for Editor in 0,00 ms.
Unloading 2676 Unused Serialized files (Serialized files now loaded: 0)
System memory in use before: 107,6 MB.
System memory in use after: 107,8 MB.

Unloading 9 unused Assets to reduce memory usage. Loaded Objects now: 3213.
Total: 3,764236 ms (FindLiveObjects: 0,482057 ms CreateObjectMapping: 0,200497 ms MarkObjects: 2,987081 ms  DeleteObjects: 0,093046 ms)

AssetImportWorkerClient::OnTransportError - code=2 error=End of file
